0 info it worked if it ends with ok
1 verbose cli [ '/Users/iain/.nvm/versions/node/v6.2.1/bin/node',
1 verbose cli   '/Users/iain/.nvm/versions/node/v6.2.1/bin/npm',
1 verbose cli   'run',
1 verbose cli   'dev' ]
2 info using npm@3.9.3
3 info using node@v6.2.1
4 verbose run-script [ 'predev', 'dev', 'postdev' ]
5 info lifecycle nextjs-starter@2.1.1~predev: nextjs-starter@2.1.1
6 silly lifecycle nextjs-starter@2.1.1~predev: no script for predev, continuing
7 info lifecycle nextjs-starter@2.1.1~dev: nextjs-starter@2.1.1
8 verbose lifecycle nextjs-starter@2.1.1~dev: unsafe-perm in lifecycle true
9 verbose lifecycle nextjs-starter@2.1.1~dev: PATH: /Users/iain/.nvm/versions/node/v6.2.1/lib/node_modules/npm/bin/node-gyp-bin:/Users/iain/Development/nextjs-starter/node_modules/.bin:/Users/iain/.nvm/versions/node/v6.2.1/bin:/Users/iain/.nvm/versions/node/v6.2.1/bin:/Users/iain/.rvm/gems/ruby-2.2.1/bin:/Users/iain/.rvm/gems/ruby-2.2.1@global/bin:/Users/iain/.rvm/rubies/ruby-2.2.1/bin:/usr/local/heroku/bin:/Users/iain/Development/google-cloud-sdk/bin:/usr/local/bin:/usr/bin:/bin:/usr/sbin:/sbin:/Users/iain/bin:/Development/adt-bundle/sdk/platform-tools:/Development/adt-bundle/sdk/tools:/Users/iain/.rvm/bin:/Users/iain/.rvm/bin
10 verbose lifecycle nextjs-starter@2.1.1~dev: CWD: /Users/iain/Development/nextjs-starter
11 silly lifecycle nextjs-starter@2.1.1~dev: Args: [ '-c', 'NODE_ENV=development PORT=3000 node server.js' ]
12 silly lifecycle nextjs-starter@2.1.1~dev: Returned: code: 1  signal: null
13 info lifecycle nextjs-starter@2.1.1~dev: Failed to exec dev script
14 verbose stack Error: nextjs-starter@2.1.1 dev: `NODE_ENV=development PORT=3000 node server.js`
14 verbose stack Exit status 1
14 verbose stack     at EventEmitter.<anonymous> (/Users/iain/.nvm/versions/node/v6.2.1/lib/node_modules/npm/lib/utils/lifecycle.js:245:16)
14 verbose stack     at emitTwo (events.js:106:13)
14 verbose stack     at EventEmitter.emit (events.js:191:7)
14 verbose stack     at ChildProcess.<anonymous> (/Users/iain/.nvm/versions/node/v6.2.1/lib/node_modules/npm/lib/utils/spawn.js:24:14)
14 verbose stack     at emitTwo (events.js:106:13)
14 verbose stack     at ChildProcess.emit (events.js:191:7)
14 verbose stack     at maybeClose (internal/child_process.js:852:16)
14 verbose stack     at Process.ChildProcess._handle.onexit (internal/child_process.js:215:5)
15 verbose pkgid nextjs-starter@2.1.1
16 verbose cwd /Users/iain/Development/nextjs-starter
17 error Darwin 16.3.0
18 error argv "/Users/iain/.nvm/versions/node/v6.2.1/bin/node" "/Users/iain/.nvm/versions/node/v6.2.1/bin/npm" "run" "dev"
19 error node v6.2.1
20 error npm  v3.9.3
21 error code ELIFECYCLE
22 error nextjs-starter@2.1.1 dev: `NODE_ENV=development PORT=3000 node server.js`
22 error Exit status 1
23 error Failed at the nextjs-starter@2.1.1 dev script 'NODE_ENV=development PORT=3000 node server.js'.
23 error Make sure you have the latest version of node.js and npm installed.
23 error If you do, this is most likely a problem with the nextjs-starter package,
23 error not with npm itself.
23 error Tell the author that this fails on your system:
23 error     NODE_ENV=development PORT=3000 node server.js
23 error You can get information on how to open an issue for this project with:
23 error     npm bugs nextjs-starter
23 error Or if that isn't available, you can get their info via:
23 error     npm owner ls nextjs-starter
23 error There is likely additional logging output above.
24 verbose exit [ 1, true ]
